<?xml version="1.0" encoding="UTF-8"?>
<robot generator="Robot 4.1.3 (Python 3.10.2 on win32)" generated="20220211 20:31:49.960" rpa="false" schemaversion="2">
<suite id="s1" name="Officewindow" source="C:\Users\ppprath\Desktop\Central_Tech\officewindow.robot">
<test id="s1-t1" name="Testcase">
<kw name="Open Browser" library="SeleniumLibrary">
<arg>https://www.officemate.co.th/en/register</arg>
<arg>Chrome</arg>
<doc>Opens a new browser instance to the optional ``url``.</doc>
<msg timestamp="20220211 20:31:50.403" level="INFO">Opening browser 'Chrome' to base url 'https://www.officemate.co.th/en/register'.</msg>
<status status="PASS" starttime="20220211 20:31:50.403" endtime="20220211 20:32:06.145"/>
</kw>
<kw name="Maximize Browser Window" library="SeleniumLibrary">
<doc>Maximizes current browser window.</doc>
<status status="PASS" starttime="20220211 20:32:06.146" endtime="20220211 20:32:06.372"/>
</kw>
<kw name="Sleep" library="BuiltIn">
<arg>10s</arg>
<doc>Pauses the test executed for the given time.</doc>
<msg timestamp="20220211 20:32:16.382" level="INFO">Slept 10 seconds</msg>
<status status="PASS" starttime="20220211 20:32:06.373" endtime="20220211 20:32:16.382"/>
</kw>
<kw name="Click Element" library="SeleniumLibrary">
<arg>//a[text()='LOG IN']</arg>
<doc>Click the element identified by ``locator``.</doc>
<msg timestamp="20220211 20:32:16.382" level="INFO">Clicking element '//a[text()='LOG IN']'.</msg>
<status status="PASS" starttime="20220211 20:32:16.382" endtime="20220211 20:32:16.582"/>
</kw>
<kw name="Input Text" library="SeleniumLibrary">
<arg>//input[@id='txt-loginForm-email']</arg>
<arg>${Username}</arg>
<doc>Types the given ``text`` into the text field identified by ``locator``.</doc>
<msg timestamp="20220211 20:32:16.584" level="INFO">Typing text 'preethia1221@gmail.com' into text field '//input[@id='txt-loginForm-email']'.</msg>
<status status="PASS" starttime="20220211 20:32:16.583" endtime="20220211 20:32:16.988"/>
</kw>
<kw name="Input Text" library="SeleniumLibrary">
<arg>//input[@id='txt-loginForm-password']</arg>
<arg>${Password}</arg>
<doc>Types the given ``text`` into the text field identified by ``locator``.</doc>
<msg timestamp="20220211 20:32:16.989" level="INFO">Typing text 'Highheels@123' into text field '//input[@id='txt-loginForm-password']'.</msg>
<status status="PASS" starttime="20220211 20:32:16.989" endtime="20220211 20:32:17.191"/>
</kw>
<kw name="Click Element" library="SeleniumLibrary">
<arg>//button[@name='submitButton']</arg>
<doc>Click the element identified by ``locator``.</doc>
<msg timestamp="20220211 20:32:17.193" level="INFO">Clicking element '//button[@name='submitButton']'.</msg>
<status status="PASS" starttime="20220211 20:32:17.192" endtime="20220211 20:32:17.299"/>
</kw>
<kw name="Sleep" library="BuiltIn">
<arg>10s</arg>
<doc>Pauses the test executed for the given time.</doc>
<msg timestamp="20220211 20:32:27.303" level="INFO">Slept 10 seconds</msg>
<status status="PASS" starttime="20220211 20:32:17.300" endtime="20220211 20:32:27.303"/>
</kw>
<kw name="Input Text" library="SeleniumLibrary">
<arg>//div[@id='btn-searchResultPage']/../div/input</arg>
<arg>Table</arg>
<doc>Types the given ``text`` into the text field identified by ``locator``.</doc>
<msg timestamp="20220211 20:32:27.304" level="INFO">Typing text 'Table' into text field '//div[@id='btn-searchResultPage']/../div/input'.</msg>
<status status="PASS" starttime="20220211 20:32:27.304" endtime="20220211 20:32:27.468"/>
</kw>
<kw name="Click Element" library="SeleniumLibrary">
<arg>//div[@id='btn-searchResultPage']</arg>
<doc>Click the element identified by ``locator``.</doc>
<msg timestamp="20220211 20:32:27.471" level="INFO">Clicking element '//div[@id='btn-searchResultPage']'.</msg>
<status status="PASS" starttime="20220211 20:32:27.470" endtime="20220211 20:32:27.669"/>
</kw>
<kw name="Sleep" library="BuiltIn">
<arg>5s</arg>
<doc>Pauses the test executed for the given time.</doc>
<msg timestamp="20220211 20:32:32.672" level="INFO">Slept 5 seconds</msg>
<status status="PASS" starttime="20220211 20:32:27.671" endtime="20220211 20:32:32.672"/>
</kw>
<kw name="Page Should Contain" library="SeleniumLibrary">
<arg>product results found for "Table"</arg>
<doc>Verifies that current page contains ``text``.</doc>
<msg timestamp="20220211 20:32:32.821" level="INFO">Current page contains text 'product results found for "Table"'.</msg>
<status status="PASS" starttime="20220211 20:32:32.673" endtime="20220211 20:32:32.822"/>
</kw>
<kw name="Scroll Element Into View" library="SeleniumLibrary">
<arg>//div[@id='btn-searchResultPage']/../div/input</arg>
<doc>Scrolls the element identified by ``locator`` into view.</doc>
<status status="PASS" starttime="20220211 20:32:32.822" endtime="20220211 20:32:33.474"/>
</kw>
<kw name="Input Text" library="SeleniumLibrary">
<arg>//div[@id='btn-searchResultPage']/../div/input</arg>
<arg>!#&amp;*@</arg>
<doc>Types the given ``text`` into the text field identified by ``locator``.</doc>
<msg timestamp="20220211 20:32:33.476" level="INFO">Typing text '!#&amp;*@' into text field '//div[@id='btn-searchResultPage']/../div/input'.</msg>
<status status="PASS" starttime="20220211 20:32:33.475" endtime="20220211 20:32:34.140"/>
</kw>
<kw name="Click Element" library="SeleniumLibrary">
<arg>//div[@id='btn-searchResultPage']</arg>
<doc>Click the element identified by ``locator``.</doc>
<msg timestamp="20220211 20:32:34.141" level="INFO">Clicking element '//div[@id='btn-searchResultPage']'.</msg>
<status status="PASS" starttime="20220211 20:32:34.141" endtime="20220211 20:32:34.664"/>
</kw>
<kw name="Sleep" library="BuiltIn">
<arg>10s</arg>
<doc>Pauses the test executed for the given time.</doc>
<msg timestamp="20220211 20:32:44.672" level="INFO">Slept 10 seconds</msg>
<status status="PASS" starttime="20220211 20:32:34.666" endtime="20220211 20:32:44.672"/>
</kw>
<kw name="Page Should Contain" library="SeleniumLibrary">
<arg>ขออภัย! ไม่พบสินค้าที่ตรงกับ "!#&amp;*@"</arg>
<doc>Verifies that current page contains ``text``.</doc>
<msg timestamp="20220211 20:32:44.744" level="INFO">Current page contains text 'ขออภัย! ไม่พบสินค้าที่ตรงกับ "!#&amp;*@"'.</msg>
<status status="PASS" starttime="20220211 20:32:44.672" endtime="20220211 20:32:44.745"/>
</kw>
<kw name="Input Text" library="SeleniumLibrary">
<arg>//div[@id='btn-searchResultPage']/../div/input</arg>
<arg>Table</arg>
<doc>Types the given ``text`` into the text field identified by ``locator``.</doc>
<msg timestamp="20220211 20:32:44.747" level="INFO">Typing text 'Table' into text field '//div[@id='btn-searchResultPage']/../div/input'.</msg>
<status status="PASS" starttime="20220211 20:32:44.746" endtime="20220211 20:32:44.923"/>
</kw>
<kw name="Sleep" library="BuiltIn">
<arg>5s</arg>
<doc>Pauses the test executed for the given time.</doc>
<msg timestamp="20220211 20:32:49.926" level="INFO">Slept 5 seconds</msg>
<status status="PASS" starttime="20220211 20:32:44.923" endtime="20220211 20:32:49.926"/>
</kw>
<kw name="Click Element" library="SeleniumLibrary">
<arg>//div[text()=' in Folding Table']</arg>
<doc>Click the element identified by ``locator``.</doc>
<msg timestamp="20220211 20:32:49.926" level="INFO">Clicking element '//div[text()=' in Folding Table']'.</msg>
<status status="PASS" starttime="20220211 20:32:49.926" endtime="20220211 20:32:50.551"/>
</kw>
<kw name="Sleep" library="BuiltIn">
<arg>5s</arg>
<doc>Pauses the test executed for the given time.</doc>
<msg timestamp="20220211 20:32:55.553" level="INFO">Slept 5 seconds</msg>
<status status="PASS" starttime="20220211 20:32:50.552" endtime="20220211 20:32:55.553"/>
</kw>
<kw name="Page Should Contain" library="SeleniumLibrary">
<arg>product results found for "Folding Table"</arg>
<doc>Verifies that current page contains ``text``.</doc>
<msg timestamp="20220211 20:32:55.601" level="INFO">Current page contains text 'product results found for "Folding Table"'.</msg>
<status status="PASS" starttime="20220211 20:32:55.554" endtime="20220211 20:32:55.601"/>
</kw>
<kw name="Click Element" library="SeleniumLibrary">
<arg>//*[contains(text(),'product results found for "Folding Table"')]/following-sibling::div/div/div/div[text()='Sort by']</arg>
<doc>Click the element identified by ``locator``.</doc>
<msg timestamp="20220211 20:32:55.603" level="INFO">Clicking element '//*[contains(text(),'product results found for "Folding Table"')]/following-sibling::div/div/div/div[text()='Sort by']'.</msg>
<status status="PASS" starttime="20220211 20:32:55.603" endtime="20220211 20:32:55.834"/>
</kw>
<kw name="Click Element" library="SeleniumLibrary">
<arg>//*[contains(text(),'product results found for "Folding Table"')]/following-sibling::div/div/div[2]/div/div[5]/div</arg>
<doc>Click the element identified by ``locator``.</doc>
<msg timestamp="20220211 20:32:55.835" level="INFO">Clicking element '//*[contains(text(),'product results found for "Folding Table"')]/following-sibling::div/div/div[2]/div/div[5]/div'.</msg>
<status status="PASS" starttime="20220211 20:32:55.835" endtime="20220211 20:32:56.807"/>
</kw>
<kw name="Close Browser" library="SeleniumLibrary">
<doc>Closes the current browser.</doc>
<status status="PASS" starttime="20220211 20:32:56.808" endtime="20220211 20:32:59.369"/>
</kw>
<status status="PASS" starttime="20220211 20:31:50.394" endtime="20220211 20:32:59.369"/>
</test>
<status status="PASS" starttime="20220211 20:31:49.960" endtime="20220211 20:32:59.373"/>
</suite>
<statistics>
<total>
<stat pass="1" fail="0" skip="0">All Tests</stat>
</total>
<tag>
</tag>
<suite>
<stat pass="1" fail="0" skip="0" id="s1" name="Officewindow">Officewindow</stat>
</suite>
</statistics>
<errors>
</errors>
</robot>
